19-Aug-2025 15:45:30.080 INFO [main] org.apache.catalina.startup.VersionLoggerListener.log Server version name:   Apache Tomcat/11.0.0
19-Aug-2025 15:45:30.082 INFO [main] org.apache.catalina.startup.VersionLoggerListener.log Server built:          Oct 3 2024 17:00:16 UTC
19-Aug-2025 15:45:30.082 INFO [main] org.apache.catalina.startup.VersionLoggerListener.log Server version number: 11.0.0.0
19-Aug-2025 15:45:30.082 INFO [main] org.apache.catalina.startup.VersionLoggerListener.log OS Name:               Mac OS X
19-Aug-2025 15:45:30.082 INFO [main] org.apache.catalina.startup.VersionLoggerListener.log OS Version:            15.5
19-Aug-2025 15:45:30.082 INFO [main] org.apache.catalina.startup.VersionLoggerListener.log Architecture:          aarch64
19-Aug-2025 15:45:30.082 INFO [main] org.apache.catalina.startup.VersionLoggerListener.log Java Home:             /Library/Java/JavaVirtualMachines/jdk-17.jdk/Contents/Home
19-Aug-2025 15:45:30.082 INFO [main] org.apache.catalina.startup.VersionLoggerListener.log JVM Version:           17.0.12+8-LTS-286
19-Aug-2025 15:45:30.083 INFO [main] org.apache.catalina.startup.VersionLoggerListener.log JVM Vendor:            Oracle Corporation
19-Aug-2025 15:45:30.083 INFO [main] org.apache.catalina.startup.VersionLoggerListener.log CATALINA_BASE:         /Users/rishithamenusha/Desktop/PahanaEdu/PahanaEduBillingSystem-master/apache-tomcat-11.0.0
19-Aug-2025 15:45:30.083 INFO [main] org.apache.catalina.startup.VersionLoggerListener.log CATALINA_HOME:         /Users/rishithamenusha/Desktop/PahanaEdu/PahanaEduBillingSystem-master/apache-tomcat-11.0.0
19-Aug-2025 15:45:30.093 INFO [main] org.apache.catalina.startup.VersionLoggerListener.log Command line argument: -Djava.util.logging.config.file=/Users/rishithamenusha/Desktop/PahanaEdu/PahanaEduBillingSystem-master/apache-tomcat-11.0.0/conf/logging.properties
19-Aug-2025 15:45:30.093 INFO [main] org.apache.catalina.startup.VersionLoggerListener.log Command line argument: -Djava.util.logging.manager=org.apache.juli.ClassLoaderLogManager
19-Aug-2025 15:45:30.094 INFO [main] org.apache.catalina.startup.VersionLoggerListener.log Command line argument: -Djdk.tls.ephemeralDHKeySize=2048
19-Aug-2025 15:45:30.094 INFO [main] org.apache.catalina.startup.VersionLoggerListener.log Command line argument: -Dorg.apache.catalina.security.SecurityListener.UMASK=0027
19-Aug-2025 15:45:30.094 INFO [main] org.apache.catalina.startup.VersionLoggerListener.log Command line argument: --add-opens=java.base/java.lang=ALL-UNNAMED
19-Aug-2025 15:45:30.094 INFO [main] org.apache.catalina.startup.VersionLoggerListener.log Command line argument: --add-opens=java.base/java.io=ALL-UNNAMED
19-Aug-2025 15:45:30.094 INFO [main] org.apache.catalina.startup.VersionLoggerListener.log Command line argument: --add-opens=java.base/java.util=ALL-UNNAMED
19-Aug-2025 15:45:30.094 INFO [main] org.apache.catalina.startup.VersionLoggerListener.log Command line argument: --add-opens=java.base/java.util.concurrent=ALL-UNNAMED
19-Aug-2025 15:45:30.094 INFO [main] org.apache.catalina.startup.VersionLoggerListener.log Command line argument: --add-opens=java.rmi/sun.rmi.transport=ALL-UNNAMED
19-Aug-2025 15:45:30.094 INFO [main] org.apache.catalina.startup.VersionLoggerListener.log Command line argument: --enable-native-access=ALL-UNNAMED
19-Aug-2025 15:45:30.094 INFO [main] org.apache.catalina.startup.VersionLoggerListener.log Command line argument: -Dcatalina.base=/Users/rishithamenusha/Desktop/PahanaEdu/PahanaEduBillingSystem-master/apache-tomcat-11.0.0
19-Aug-2025 15:45:30.094 INFO [main] org.apache.catalina.startup.VersionLoggerListener.log Command line argument: -Dcatalina.home=/Users/rishithamenusha/Desktop/PahanaEdu/PahanaEduBillingSystem-master/apache-tomcat-11.0.0
19-Aug-2025 15:45:30.094 INFO [main] org.apache.catalina.startup.VersionLoggerListener.log Command line argument: -Djava.io.tmpdir=/Users/rishithamenusha/Desktop/PahanaEdu/PahanaEduBillingSystem-master/apache-tomcat-11.0.0/temp
19-Aug-2025 15:45:30.100 INFO [main] org.apache.catalina.core.AprLifecycleListener.lifecycleEvent The Apache Tomcat Native library which allows using OpenSSL was not found on the java.library.path: [/Users/rishithamenusha/Library/Java/Extensions:/Library/Java/Extensions:/Network/Library/Java/Extensions:/System/Library/Java/Extensions:/usr/lib/java:.]
19-Aug-2025 15:45:30.214 INFO [main] org.apache.coyote.AbstractProtocol.init Initializing ProtocolHandler ["http-nio-8080"]
19-Aug-2025 15:45:30.234 INFO [main] org.apache.catalina.startup.Catalina.load Server initialization in [244] milliseconds
19-Aug-2025 15:45:30.259 INFO [main] org.apache.catalina.core.StandardService.startInternal Starting service [Catalina]
19-Aug-2025 15:45:30.259 INFO [main] org.apache.catalina.core.StandardEngine.startInternal Starting Servlet engine: [Apache Tomcat/11.0.0]
19-Aug-2025 15:45:30.266 INFO [main] org.apache.catalina.startup.HostConfig.deployWAR Deploying web application archive [/Users/rishithamenusha/Desktop/PahanaEdu/PahanaEduBillingSystem-master/apache-tomcat-11.0.0/webapps/PahanaEdu.war]
19-Aug-2025 15:45:30.746 INFO [main] org.apache.jasper.servlet.TldScanner.scanJars At least one JAR was scanned for TLDs yet contained no TLDs. Enable debug logging for this logger for a complete list of JARs that were scanned but no TLDs were found in them. Skipping unneeded JARs during scanning can improve startup time and JSP compilation time.
19-Aug-2025 15:45:30.770 INFO [main] org.apache.catalina.startup.HostConfig.deployWAR Deployment of web application archive [/Users/rishithamenusha/Desktop/PahanaEdu/PahanaEduBillingSystem-master/apache-tomcat-11.0.0/webapps/PahanaEdu.war] has finished in [504] ms
19-Aug-2025 15:45:30.771 INFO [main] org.apache.catalina.startup.HostConfig.deployDirectory Deploying web application directory [/Users/rishithamenusha/Desktop/PahanaEdu/PahanaEduBillingSystem-master/apache-tomcat-11.0.0/webapps/docs]
19-Aug-2025 15:45:30.782 INFO [main] org.apache.catalina.startup.HostConfig.deployDirectory Deployment of web application directory [/Users/rishithamenusha/Desktop/PahanaEdu/PahanaEduBillingSystem-master/apache-tomcat-11.0.0/webapps/docs] has finished in [10] ms
19-Aug-2025 15:45:30.782 INFO [main] org.apache.catalina.startup.HostConfig.deployDirectory Deploying web application directory [/Users/rishithamenusha/Desktop/PahanaEdu/PahanaEduBillingSystem-master/apache-tomcat-11.0.0/webapps/manager]
19-Aug-2025 15:45:30.800 INFO [main] org.apache.catalina.startup.HostConfig.deployDirectory Deployment of web application directory [/Users/rishithamenusha/Desktop/PahanaEdu/PahanaEduBillingSystem-master/apache-tomcat-11.0.0/webapps/manager] has finished in [18] ms
19-Aug-2025 15:45:30.801 INFO [main] org.apache.catalina.startup.HostConfig.deployDirectory Deploying web application directory [/Users/rishithamenusha/Desktop/PahanaEdu/PahanaEduBillingSystem-master/apache-tomcat-11.0.0/webapps/examples]
19-Aug-2025 15:45:30.882 INFO [main] org.apache.catalina.startup.HostConfig.deployDirectory Deployment of web application directory [/Users/rishithamenusha/Desktop/PahanaEdu/PahanaEduBillingSystem-master/apache-tomcat-11.0.0/webapps/examples] has finished in [81] ms
19-Aug-2025 15:45:30.882 INFO [main] org.apache.catalina.startup.HostConfig.deployDirectory Deploying web application directory [/Users/rishithamenusha/Desktop/PahanaEdu/PahanaEduBillingSystem-master/apache-tomcat-11.0.0/webapps/ROOT]
19-Aug-2025 15:45:30.889 INFO [main] org.apache.catalina.startup.HostConfig.deployDirectory Deployment of web application directory [/Users/rishithamenusha/Desktop/PahanaEdu/PahanaEduBillingSystem-master/apache-tomcat-11.0.0/webapps/ROOT] has finished in [7] ms
19-Aug-2025 15:45:30.889 INFO [main] org.apache.catalina.startup.HostConfig.deployDirectory Deploying web application directory [/Users/rishithamenusha/Desktop/PahanaEdu/PahanaEduBillingSystem-master/apache-tomcat-11.0.0/webapps/host-manager]
19-Aug-2025 15:45:30.897 INFO [main] org.apache.catalina.startup.HostConfig.deployDirectory Deployment of web application directory [/Users/rishithamenusha/Desktop/PahanaEdu/PahanaEduBillingSystem-master/apache-tomcat-11.0.0/webapps/host-manager] has finished in [8] ms
19-Aug-2025 15:45:30.898 INFO [main] org.apache.coyote.AbstractProtocol.start Starting ProtocolHandler ["http-nio-8080"]
19-Aug-2025 15:45:30.905 INFO [main] org.apache.catalina.startup.Catalina.start Server startup in [670] milliseconds
